5/25/2023 1:30:40 PM >>> App Server: NSCM1654
Exception Source: Int32 EndReceive(System.IAsyncResult, System.Net.Sockets.SocketError ByRef)
Message: Cannot access a disposed object.
Object name: 'System.Net.Sockets.Socket'.
StackTrace:    at System.Net.Sockets.Socket.EndReceive(IAsyncResult asyncResult, SocketError& errorCode)
   at System.Net.Sockets.Socket.EndReceive(IAsyncResult asyncResult)
   at SmartMeterAsyClient.ReceiveCallback(IAsyncResult ar) in C:\00work\02sc-cfd-git\DMN-B17-FLEXPMxxxxx-LNMeterDataCollectionSystem\SourceCode\TKFFTcpIpSDK\SmartMeterAsyClient.cs:line 288

5/25/2023 1:31:35 PM >>> App Server: NSCM1654
Exception Source: Int32 EndReceive(System.IAsyncResult, System.Net.Sockets.SocketError ByRef)
Message: Cannot access a disposed object.
Object name: 'System.Net.Sockets.Socket'.
StackTrace:    at System.Net.Sockets.Socket.EndReceive(IAsyncResult asyncResult, SocketError& errorCode)
   at System.Net.Sockets.Socket.EndReceive(IAsyncResult asyncResult)
   at SmartMeterAsyClient.ReceiveCallback(IAsyncResult ar) in C:\00work\02sc-cfd-git\DMN-B17-FLEXPMxxxxx-LNMeterDataCollectionSystem\SourceCode\TKFFTcpIpSDK\SmartMeterAsyClient.cs:line 288

5/25/2023 1:32:58 PM >>> App Server: NSCM1654
Exception Source: System.IAsyncResult BeginReceive(Byte[], Int32, Int32, System.Net.Sockets.SocketFlags, System.Net.Sockets.SocketError ByRef, System.AsyncCallback, System.Object)
Message: Specified argument was out of the range of valid values.
Parameter name: size
StackTrace:    at System.Net.Sockets.Socket.BeginReceive(Byte[] buffer, Int32 offset, Int32 size, SocketFlags socketFlags, SocketError& errorCode, AsyncCallback callback, Object state)
   at System.Net.Sockets.Socket.BeginReceive(Byte[] buffer, Int32 offset, Int32 size, SocketFlags socketFlags, AsyncCallback callback, Object state)
   at SmartMeterAsyClient.Receive(Socket client) in C:\00work\02sc-cfd-git\DMN-B17-FLEXPMxxxxx-LNMeterDataCollectionSystem\SourceCode\TKFFTcpIpSDK\SmartMeterAsyClient.cs:line 261

5/25/2023 1:33:45 PM >>> App Server: NSCM1654
Exception Source: System.IAsyncResult BeginReceive(Byte[], Int32, Int32, System.Net.Sockets.SocketFlags, System.Net.Sockets.SocketError ByRef, System.AsyncCallback, System.Object)
Message: Specified argument was out of the range of valid values.
Parameter name: size
StackTrace:    at System.Net.Sockets.Socket.BeginReceive(Byte[] buffer, Int32 offset, Int32 size, SocketFlags socketFlags, SocketError& errorCode, AsyncCallback callback, Object state)
   at System.Net.Sockets.Socket.BeginReceive(Byte[] buffer, Int32 offset, Int32 size, SocketFlags socketFlags, AsyncCallback callback, Object state)
   at SmartMeterAsyClient.Receive(Socket client) in C:\00work\02sc-cfd-git\DMN-B17-FLEXPMxxxxx-LNMeterDataCollectionSystem\SourceCode\TKFFTcpIpSDK\SmartMeterAsyClient.cs:line 261

5/25/2023 1:33:53 PM >>> App Server: NSCM1654
Exception Source: System.IAsyncResult BeginReceive(Byte[], Int32, Int32, System.Net.Sockets.SocketFlags, System.Net.Sockets.SocketError ByRef, System.AsyncCallback, System.Object)
Message: Specified argument was out of the range of valid values.
Parameter name: size
StackTrace:    at System.Net.Sockets.Socket.BeginReceive(Byte[] buffer, Int32 offset, Int32 size, SocketFlags socketFlags, SocketError& errorCode, AsyncCallback callback, Object state)
   at System.Net.Sockets.Socket.BeginReceive(Byte[] buffer, Int32 offset, Int32 size, SocketFlags socketFlags, AsyncCallback callback, Object state)
   at SmartMeterAsyClient.Receive(Socket client) in C:\00work\02sc-cfd-git\DMN-B17-FLEXPMxxxxx-LNMeterDataCollectionSystem\SourceCode\TKFFTcpIpSDK\SmartMeterAsyClient.cs:line 261

5/25/2023 1:34:27 PM >>> App Server: NSCM1654
Exception Source: System.IAsyncResult BeginReceive(Byte[], Int32, Int32, System.Net.Sockets.SocketFlags, System.Net.Sockets.SocketError ByRef, System.AsyncCallback, System.Object)
Message: Specified argument was out of the range of valid values.
Parameter name: size
StackTrace:    at System.Net.Sockets.Socket.BeginReceive(Byte[] buffer, Int32 offset, Int32 size, SocketFlags socketFlags, SocketError& errorCode, AsyncCallback callback, Object state)
   at System.Net.Sockets.Socket.BeginReceive(Byte[] buffer, Int32 offset, Int32 size, SocketFlags socketFlags, AsyncCallback callback, Object state)
   at SmartMeterAsyClient.Receive(Socket client) in C:\00work\02sc-cfd-git\DMN-B17-FLEXPMxxxxx-LNMeterDataCollectionSystem\SourceCode\TKFFTcpIpSDK\SmartMeterAsyClient.cs:line 261

5/25/2023 1:34:46 PM >>> App Server: NSCM1654
Exception Source: System.IAsyncResult BeginReceive(Byte[], Int32, Int32, System.Net.Sockets.SocketFlags, System.Net.Sockets.SocketError ByRef, System.AsyncCallback, System.Object)
Message: Specified argument was out of the range of valid values.
Parameter name: size
StackTrace:    at System.Net.Sockets.Socket.BeginReceive(Byte[] buffer, Int32 offset, Int32 size, SocketFlags socketFlags, SocketError& errorCode, AsyncCallback callback, Object state)
   at System.Net.Sockets.Socket.BeginReceive(Byte[] buffer, Int32 offset, Int32 size, SocketFlags socketFlags, AsyncCallback callback, Object state)
   at SmartMeterAsyClient.Receive(Socket client) in C:\00work\02sc-cfd-git\DMN-B17-FLEXPMxxxxx-LNMeterDataCollectionSystem\SourceCode\TKFFTcpIpSDK\SmartMeterAsyClient.cs:line 261

5/25/2023 1:35:38 PM >>> App Server: NSCM1654
Exception Source: System.IAsyncResult BeginReceive(Byte[], Int32, Int32, System.Net.Sockets.SocketFlags, System.Net.Sockets.SocketError ByRef, System.AsyncCallback, System.Object)
Message: Specified argument was out of the range of valid values.
Parameter name: size
StackTrace:    at System.Net.Sockets.Socket.BeginReceive(Byte[] buffer, Int32 offset, Int32 size, SocketFlags socketFlags, SocketError& errorCode, AsyncCallback callback, Object state)
   at System.Net.Sockets.Socket.BeginReceive(Byte[] buffer, Int32 offset, Int32 size, SocketFlags socketFlags, AsyncCallback callback, Object state)
   at SmartMeterAsyClient.Receive(Socket client) in C:\00work\02sc-cfd-git\DMN-B17-FLEXPMxxxxx-LNMeterDataCollectionSystem\SourceCode\TKFFTcpIpSDK\SmartMeterAsyClient.cs:line 261

5/25/2023 1:44:27 PM >>> App Server: NSCM1654
Exception Source: Int32 EndReceive(System.IAsyncResult, System.Net.Sockets.SocketError ByRef)
Message: Cannot access a disposed object.
Object name: 'System.Net.Sockets.Socket'.
StackTrace:    at System.Net.Sockets.Socket.EndReceive(IAsyncResult asyncResult, SocketError& errorCode)
   at System.Net.Sockets.Socket.EndReceive(IAsyncResult asyncResult)
   at SmartMeterAsyClient.ReceiveCallback(IAsyncResult ar) in C:\00work\02sc-cfd-git\DMN-B17-FLEXPMxxxxx-LNMeterDataCollectionSystem\SourceCode\TKFFTcpIpSDK\SmartMeterAsyClient.cs:line 288

5/25/2023 2:10:52 PM >>> App Server: NSCM1654
Exception Source: Int32 EndReceive(System.IAsyncResult, System.Net.Sockets.SocketError ByRef)
Message: Cannot access a disposed object.
Object name: 'System.Net.Sockets.Socket'.
StackTrace:    at System.Net.Sockets.Socket.EndReceive(IAsyncResult asyncResult, SocketError& errorCode)
   at System.Net.Sockets.Socket.EndReceive(IAsyncResult asyncResult)
   at SmartMeterAsyClient.ReceiveCallback(IAsyncResult ar) in C:\00work\02sc-cfd-git\DMN-B17-FLEXPMxxxxx-LNMeterDataCollectionSystem\SourceCode\TKFFTcpIpSDK\SmartMeterAsyClient.cs:line 288

